<?xml version="1.0" encoding="UTF-8"?>
<!-- Generated by org.testng.reporters.JUnitReportReporter -->
<testsuite hostname="63d9e996aef652a" failures="0" tests="8" name="testcases.doctor_testcase" time="29.470" errors="0" timestamp="2025-03-05T13:09:14 IST" skipped="0">
  <testcase classname="testcases.doctor_testcase" name="verifyTitleOfTheHomePage" time="5.429"/>
  <testcase classname="testcases.doctor_testcase" name="verifyAllSubModulesArePresent" time="0.809"/>
  <testcase classname="testcases.doctor_testcase" name="validateTheCheckBox" time="3.326"/>
  <testcase classname="testcases.doctor_testcase" name="selectNEUROSURGERYFromDepartmentDropdownAndVerifySelection" time="1.414"/>
  <testcase classname="testcases.doctor_testcase" name="verifyTheButtonsArePresentOrNot" time="0.168"/>
  <testcase classname="testcases.doctor_testcase" name="verifyTitleOfTheForm" time="6.482"/>
  <testcase classname="testcases.doctor_testcase" name="verifyTheName" time="3.292"/>
  <testcase classname="testcases.doctor_testcase" name="verifyTheErrorMessage" time="8.550"/>
</testsuite> <!-- testcases.doctor_testcase -->
